This is pdfTeX, Version 3.14159265-2.6-1.40.17 (MiKTeX 2.9) (preloaded format=pdflatex 2016.8.30)  8 AUG 2017 07:20
entering extended mode
**./ICSE-2018.tex
(ICSE-2018.tex
LaTeX2e <2016/03/31> patch level 3
Babel <3.9r> and hyphenation patterns for 75 language(s) loaded.
("C:\Program Files (x86)\MiKTeX 2.9\tex\latex\acmart\acmart.cls"
Document Class: acmart 2017/07/02 v1.42 Typesetting articles for Association of
 Computing Machinery
("C:\Program Files (x86)\MiKTeX 2.9\tex\latex\xkeyval\xkeyval.sty"
Package: xkeyval 2014/12/03 v2.7a package option processing (HA)

("C:\Program Files (x86)\MiKTeX 2.9\tex\generic\xkeyval\xkeyval.tex"
("C:\Program Files (x86)\MiKTeX 2.9\tex\generic\xkeyval\xkvutils.tex"
\XKV@toks=\toks14
\XKV@tempa@toks=\toks15

("C:\Program Files (x86)\MiKTeX 2.9\tex\generic\xkeyval\keyval.tex"))
\XKV@depth=\count79
File: xkeyval.tex 2014/12/03 v2.7a key=value parser (HA)
))
("C:\Program Files (x86)\MiKTeX 2.9\tex\latex\xstring\xstring.sty"
("C:\Program Files (x86)\MiKTeX 2.9\tex\generic\xstring\xstring.tex"
\@xs@message=\write3
\integerpart=\count80
\decimalpart=\count81
)
Package: xstring 2013/10/13  v1.7c  String manipulations (C Tellechea)
)
Package acmart Info: Not using screen mode on input line 73.
Package acmart Info: Not using review mode on input line 81.
Package acmart Info: Not using authorversion mode on input line 89.
Package acmart Info: Explicitly selecting natbib mode on input line 97.
Package acmart Info: Not using anonymous mode on input line 105.
Package acmart Info: Not using timestamp mode on input line 113.
Package acmart Info: Not using authordraft mode on input line 123.
Class acmart Info: Using format sigconf, number 4 on input line 132.
Class acmart Info: Using fontsize 9pt on input line 190.

("C:\Program Files (x86)\MiKTeX 2.9\tex\latex\amscls\amsart.cls"
Document Class: amsart 2015/03/04 v2.20.2
\linespacing=\dimen102
\normalparindent=\dimen103
\normaltopskip=\skip41
("C:\Program Files (x86)\MiKTeX 2.9\tex\latex\amsmath\amsmath.sty"
Package: amsmath 2016/06/28 v2.15d AMS math features
\@mathmargin=\skip42

For additional information on amsmath, use the `?' option.
("C:\Program Files (x86)\MiKTeX 2.9\tex\latex\amsmath\amstext.sty"
Package: amstext 2000/06/29 v2.01 AMS text

("C:\Program Files (x86)\MiKTeX 2.9\tex\latex\amsmath\amsgen.sty"
File: amsgen.sty 1999/11/30 v2.0 generic functions
\@emptytoks=\toks16
\ex@=\dimen104
))
("C:\Program Files (x86)\MiKTeX 2.9\tex\latex\amsmath\amsbsy.sty"
Package: amsbsy 1999/11/29 v1.2d Bold Symbols
\pmbraise@=\dimen105
)
("C:\Program Files (x86)\MiKTeX 2.9\tex\latex\amsmath\amsopn.sty"
Package: amsopn 2016/03/08 v2.02 operator names
)
\inf@bad=\count82
LaTeX Info: Redefining \frac on input line 199.
\uproot@=\count83
\leftroot@=\count84
LaTeX Info: Redefining \overline on input line 297.
\classnum@=\count85
\DOTSCASE@=\count86
LaTeX Info: Redefining \ldots on input line 394.
LaTeX Info: Redefining \dots on input line 397.
LaTeX Info: Redefining \cdots on input line 518.
\Mathstrutbox@=\box26
\strutbox@=\box27
\big@size=\dimen106
LaTeX Font Info:    Redeclaring font encoding OML on input line 634.
LaTeX Font Info:    Redeclaring font encoding OMS on input line 635.
\macc@depth=\count87
\c@MaxMatrixCols=\count88
\dotsspace@=\muskip10
\c@parentequation=\count89
\dspbrk@lvl=\count90
\tag@help=\toks17
\row@=\count91
\column@=\count92
\maxfields@=\count93
\andhelp@=\toks18
\eqnshift@=\dimen107
\alignsep@=\dimen108
\tagshift@=\dimen109
\tagwidth@=\dimen110
\totwidth@=\dimen111
\lineht@=\dimen112
\@envbody=\toks19
\multlinegap=\skip43
\multlinetaggap=\skip44
\mathdisplay@stack=\toks20
LaTeX Info: Redefining \[ on input line 2739.
LaTeX Info: Redefining \] on input line 2740.
)
LaTeX Font Info:    Try loading font information for U+msa on input line 388.

("C:\Program Files (x86)\MiKTeX 2.9\tex\latex\amsfonts\umsa.fd"
File: umsa.fd 2013/01/14 v3.01 AMS symbols A
)
("C:\Program Files (x86)\MiKTeX 2.9\tex\latex\amsfonts\amsfonts.sty"
Package: amsfonts 2013/01/14 v3.01 Basic AMSFonts support
\symAMSa=\mathgroup4
\symAMSb=\mathgroup5
LaTeX Font Info:    Overwriting math alphabet `\mathfrak' in version `bold'
(Font)                  U/euf/m/n --> U/euf/b/n on input line 106.
)
\copyins=\insert199
\abstractbox=\box28
\listisep=\skip45
\c@part=\count94
\c@section=\count95
\c@subsection=\count96
\c@subsubsection=\count97
\c@paragraph=\count98
\c@subparagraph=\count99
\c@figure=\count100
\c@table=\count101
\abovecaptionskip=\skip46
\belowcaptionskip=\skip47
\captionindent=\dimen113
\thm@style=\toks21
\thm@bodyfont=\toks22
\thm@headfont=\toks23
\thm@notefont=\toks24
\thm@headpunct=\toks25
\thm@preskip=\skip48
\thm@postskip=\skip49
\thm@headsep=\skip50
\dth@everypar=\toks26
)
("C:\Program Files (x86)\MiKTeX 2.9\tex\latex\microtype\microtype.sty"
Package: microtype 2017/07/07 v2.7 Micro-typographical refinements (RS)
\MT@toks=\toks27
\MT@count=\count102
LaTeX Info: Redefining \textls on input line 789.
\MT@outer@kern=\dimen114
LaTeX Info: Redefining \textmicrotypecontext on input line 1334.
\MT@listname@count=\count103

("C:\Program Files (x86)\MiKTeX 2.9\tex\latex\microtype\microtype-pdftex.def"
File: microtype-pdftex.def 2017/07/07 v2.7 Definitions specific to pdftex (RS)
LaTeX Info: Redefining \lsstyle on input line 912.
LaTeX Info: Redefining \lslig on input line 912.
\MT@outer@space=\skip51
)
Package microtype Info: Loading configuration file microtype.cfg.

("C:\Program Files (x86)\MiKTeX 2.9\tex\latex\microtype\microtype.cfg"
File: microtype.cfg 2017/07/07 v2.7 microtype main configuration file (RS)
))
("C:\Program Files (x86)\MiKTeX 2.9\tex\latex\totpages\totpages.sty"
Package: totpages 2005/09/19 v2.00 Totpages Package (muewi)

("C:\Program Files (x86)\MiKTeX 2.9\tex\latex\ms\everyshi.sty"
Package: everyshi 2001/05/15 v3.00 EveryShipout Package (MS)
))
("C:\Program Files (x86)\MiKTeX 2.9\tex\latex\environ\environ.sty"
Package: environ 2014/05/04 v0.3 A new way to define environments

("C:\Program Files (x86)\MiKTeX 2.9\tex\latex\trimspaces\trimspaces.sty"
Package: trimspaces 2009/09/17 v1.1 Trim spaces around a token list
))
("C:\Program Files (x86)\MiKTeX 2.9\tex\latex\textcase\textcase.sty"
Package: textcase 2004/10/07 v0.07 Text only upper/lower case changing (DPC)
)
("C:\Program Files (x86)\MiKTeX 2.9\tex\latex\natbib\natbib.sty"
Package: natbib 2010/09/13 8.31b (PWD, AO)
\bibhang=\skip52
\bibsep=\skip53
LaTeX Info: Redefining \cite on input line 694.
\c@NAT@ctr=\count104
)
("C:\Program Files (x86)\MiKTeX 2.9\tex\latex\hyperref\hyperref.sty"
Package: hyperref 2016/06/24 v6.83q Hypertext links for LaTeX

("C:\Program Files (x86)\MiKTeX 2.9\tex\generic\oberdiek\hobsub-hyperref.sty"
Package: hobsub-hyperref 2016/05/16 v1.14 Bundle oberdiek, subset hyperref (HO)


("C:\Program Files (x86)\MiKTeX 2.9\tex\generic\oberdiek\hobsub-generic.sty"
Package: hobsub-generic 2016/05/16 v1.14 Bundle oberdiek, subset generic (HO)
Package: hobsub 2016/05/16 v1.14 Construct package bundles (HO)
Package: infwarerr 2016/05/16 v1.4 Providing info/warning/error messages (HO)
Package: ltxcmds 2016/05/16 v1.23 LaTeX kernel commands for general use (HO)
Package: ifluatex 2016/05/16 v1.4 Provides the ifluatex switch (HO)
Package ifluatex Info: LuaTeX not detected.
Package: ifvtex 2016/05/16 v1.6 Detect VTeX and its facilities (HO)
Package ifvtex Info: VTeX not detected.
Package: intcalc 2016/05/16 v1.2 Expandable calculations with integers (HO)
Package: ifpdf 2016/05/14 v3.1 Provides the ifpdf switch
Package: etexcmds 2016/05/16 v1.6 Avoid name clashes with e-TeX commands (HO)
Package etexcmds Info: Could not find \expanded.
(etexcmds)             That can mean that you are not using pdfTeX 1.50 or
(etexcmds)             that some package has redefined \expanded.
(etexcmds)             In the latter case, load this package earlier.
Package: kvsetkeys 2016/05/16 v1.17 Key value parser (HO)
Package: kvdefinekeys 2016/05/16 v1.4 Define keys (HO)
Package: pdftexcmds 2016/05/21 v0.22 Utility functions of pdfTeX for LuaTeX (HO
)
Package pdftexcmds Info: LuaTeX not detected.
Package pdftexcmds Info: \pdf@primitive is available.
Package pdftexcmds Info: \pdf@ifprimitive is available.
Package pdftexcmds Info: \pdfdraftmode found.
Package: pdfescape 2016/05/16 v1.14 Implements pdfTeX's escape features (HO)
Package: bigintcalc 2016/05/16 v1.4 Expandable calculations on big integers (HO
)
Package: bitset 2016/05/16 v1.2 Handle bit-vector datatype (HO)
Package: uniquecounter 2016/05/16 v1.3 Provide unlimited unique counter (HO)
)
Package hobsub Info: Skipping package `hobsub' (already loaded).
Package: letltxmacro 2016/05/16 v1.5 Let assignment for LaTeX macros (HO)
Package: hopatch 2016/05/16 v1.3 Wrapper for package hooks (HO)
Package: xcolor-patch 2016/05/16 xcolor patch
Package: atveryend 2016/05/16 v1.9 Hooks at the very end of document (HO)
Package atveryend Info: \enddocument detected (standard20110627).
Package: atbegshi 2016/06/09 v1.18 At begin shipout hook (HO)
Package: refcount 2016/05/16 v3.5 Data extraction from label references (HO)
Package: hycolor 2016/05/16 v1.8 Color options for hyperref/bookmark (HO)
)
("C:\Program Files (x86)\MiKTeX 2.9\tex\generic\ifxetex\ifxetex.sty"
Package: ifxetex 2010/09/12 v0.6 Provides ifxetex conditional
)
("C:\Program Files (x86)\MiKTeX 2.9\tex\latex\oberdiek\auxhook.sty"
Package: auxhook 2016/05/16 v1.4 Hooks for auxiliary files (HO)
)
("C:\Program Files (x86)\MiKTeX 2.9\tex\latex\oberdiek\kvoptions.sty"
Package: kvoptions 2016/05/16 v3.12 Key value format for package options (HO)
)
\@linkdim=\dimen115
\Hy@linkcounter=\count105
\Hy@pagecounter=\count106

("C:\Program Files (x86)\MiKTeX 2.9\tex\latex\hyperref\pd1enc.def"
File: pd1enc.def 2016/06/24 v6.83q Hyperref: PDFDocEncoding definition (HO)
)
\Hy@SavedSpaceFactor=\count107

("C:\Program Files (x86)\MiKTeX 2.9\tex\latex\00miktex\hyperref.cfg"
File: hyperref.cfg 2002/06/06 v1.2 hyperref configuration of TeXLive
)
Package hyperref Info: Option `bookmarksnumbered' set `true' on input line 4362
.
Package hyperref Info: Option `unicode' set `true' on input line 4362.

("C:\Program Files (x86)\MiKTeX 2.9\tex\latex\hyperref\puenc.def"
File: puenc.def 2016/06/24 v6.83q Hyperref: PDF Unicode definition (HO)
)
Package hyperref Info: Hyper figures OFF on input line 4486.
Package hyperref Info: Link nesting OFF on input line 4491.
Package hyperref Info: Hyper index ON on input line 4494.
Package hyperref Info: Plain pages OFF on input line 4501.
Package hyperref Info: Backreferencing OFF on input line 4506.
Package hyperref Info: Implicit mode ON; LaTeX internals redefined.
Package hyperref Info: Bookmarks ON on input line 4735.
\c@Hy@tempcnt=\count108

("C:\Program Files (x86)\MiKTeX 2.9\tex\latex\url\url.sty"
\Urlmuskip=\muskip11
Package: url 2013/09/16  ver 3.4  Verb mode for urls, etc.
)
LaTeX Info: Redefining \url on input line 5088.
\XeTeXLinkMargin=\dimen116
\Fld@menulength=\count109
\Field@Width=\dimen117
\Fld@charsize=\dimen118
Package hyperref Info: Hyper figures OFF on input line 6342.
Package hyperref Info: Link nesting OFF on input line 6347.
Package hyperref Info: Hyper index ON on input line 6350.
Package hyperref Info: backreferencing OFF on input line 6357.
Package hyperref Info: Link coloring OFF on input line 6362.
Package hyperref Info: Link coloring with OCG OFF on input line 6367.
Package hyperref Info: PDF/A mode OFF on input line 6372.
LaTeX Info: Redefining \ref on input line 6412.
LaTeX Info: Redefining \pageref on input line 6416.
\Hy@abspage=\count110
\c@Item=\count111
\c@Hfootnote=\count112
)

Package hyperref Message: Driver (autodetected): hpdftex.

("C:\Program Files (x86)\MiKTeX 2.9\tex\latex\hyperref\hpdftex.def"
File: hpdftex.def 2016/06/24 v6.83q Hyperref driver for pdfTeX
\Fld@listcount=\count113
\c@bookmark@seq@number=\count114

("C:\Program Files (x86)\MiKTeX 2.9\tex\latex\oberdiek\rerunfilecheck.sty"
Package: rerunfilecheck 2016/05/16 v1.8 Rerun checks for auxiliary files (HO)
Package uniquecounter Info: New unique counter `rerunfilecheck' on input line 2
82.
)
\Hy@SectionHShift=\skip54
)
("C:\Program Files (x86)\MiKTeX 2.9\tex\latex\cleveref\cleveref.sty"
Package: cleveref 2013/12/28 v0.19 Intelligent cross-referencing
Package cleveref Info: `hyperref' support loaded on input line 2230.
LaTeX Info: Redefining \cref on input line 2230.
LaTeX Info: Redefining \Cref on input line 2230.
LaTeX Info: Redefining \crefrange on input line 2230.
LaTeX Info: Redefining \Crefrange on input line 2230.
LaTeX Info: Redefining \cpageref on input line 2230.
LaTeX Info: Redefining \Cpageref on input line 2230.
LaTeX Info: Redefining \cpagerefrange on input line 2230.
LaTeX Info: Redefining \Cpagerefrange on input line 2230.
LaTeX Info: Redefining \labelcref on input line 2230.
LaTeX Info: Redefining \labelcpageref on input line 2230.
Package cleveref Info: `amsthm' support loaded on input line 2858.
)
("C:\Program Files (x86)\MiKTeX 2.9\tex\latex\graphics\graphicx.sty"
Package: graphicx 2014/10/28 v1.0g Enhanced LaTeX Graphics (DPC,SPQR)

("C:\Program Files (x86)\MiKTeX 2.9\tex\latex\graphics\graphics.sty"
Package: graphics 2016/07/10 v1.0t Standard LaTeX Graphics (DPC,SPQR)

("C:\Program Files (x86)\MiKTeX 2.9\tex\latex\graphics\trig.sty"
Package: trig 2016/01/03 v1.10 sin cos tan (DPC)
)
("C:\Program Files (x86)\MiKTeX 2.9\tex\latex\00miktex\graphics.cfg"
File: graphics.cfg 2016/06/04 v1.11 sample graphics configuration
)
Package graphics Info: Driver file: pdftex.def on input line 99.

("C:\Program Files (x86)\MiKTeX 2.9\tex\latex\graphics-def\pdftex.def"
File: pdftex.def 2016/07/10 v0.06j Graphics/color for pdfTeX
\Gread@gobject=\count115
))
\Gin@req@height=\dimen119
\Gin@req@width=\dimen120
)
("C:\Program Files (x86)\MiKTeX 2.9\tex\latex\xcolor\xcolor.sty"
Package: xcolor 2016/05/11 v2.12 LaTeX color extensions (UK)

("C:\Program Files (x86)\MiKTeX 2.9\tex\latex\00miktex\color.cfg"
File: color.cfg 2016/01/02 v1.6 sample color configuration
)
Package xcolor Info: Driver file: pdftex.def on input line 225.
Package xcolor Info: Model `cmy' substituted by `cmy0' on input line 1348.
Package xcolor Info: Model `hsb' substituted by `rgb' on input line 1352.
Package xcolor Info: Model `RGB' extended on input line 1364.
Package xcolor Info: Model `HTML' substituted by `rgb' on input line 1366.
Package xcolor Info: Model `Hsb' substituted by `hsb' on input line 1367.
Package xcolor Info: Model `tHsb' substituted by `hsb' on input line 1368.
Package xcolor Info: Model `HSB' substituted by `hsb' on input line 1369.
Package xcolor Info: Model `Gray' substituted by `gray' on input line 1370.
Package xcolor Info: Model `wave' substituted by `hsb' on input line 1371.
)
("C:\Program Files (x86)\MiKTeX 2.9\tex\latex\geometry\geometry.sty"
Package: geometry 2010/09/12 v5.6 Page Geometry
\Gm@cnth=\count116
\Gm@cntv=\count117
\c@Gm@tempcnt=\count118
\Gm@bindingoffset=\dimen121
\Gm@wd@mp=\dimen122
\Gm@odd@mp=\dimen123
\Gm@even@mp=\dimen124
\Gm@layoutwidth=\dimen125
\Gm@layoutheight=\dimen126
\Gm@layouthoffset=\dimen127
\Gm@layoutvoffset=\dimen128
\Gm@dimlist=\toks28

("C:\Program Files (x86)\MiKTeX 2.9\tex\latex\geometry\geometry.cfg"))
("C:\Program Files (x86)\MiKTeX 2.9\tex\latex\ncctools\manyfoot.sty"
Package: manyfoot 2005/09/11 v1.10 Many Footnote Levels Package (NCC)

("C:\Program Files (x86)\MiKTeX 2.9\tex\latex\ncctools\nccfoots.sty"
Package: nccfoots 2005/02/03 v1.2 NCC Footnotes Package (NCC)
)
\MFL@columnwidth=\dimen129
)
\footinscopyrightpermission=\insert198
\c@footnotecopyrightpermission=\count119

("C:\Program Files (x86)\MiKTeX 2.9\tex\latex\iftex\iftex.sty"
Package: iftex 2013/04/04 v0.2 Provides if(tex) conditional for PDFTeX, XeTeX, 
and LuaTeX
)
("C:\Program Files (x86)\MiKTeX 2.9\tex\generic\pdftex\glyphtounicode.tex")
("C:\Program Files (x86)\MiKTeX 2.9\tex\latex\cmap\cmap.sty"
Package: cmap 2008/03/06 v1.0h CMap support: searchable PDF
)
("C:\Program Files (x86)\MiKTeX 2.9\tex\latex\libertine\libertine.sty"
Package: libertine 2017/03/22 (Bob Tennent) Supports Libertine and Biolinum fon
ts for all LaTeX engines.

("C:\Program Files (x86)\MiKTeX 2.9\tex\latex\base\textcomp.sty"
Package: textcomp 2016/06/19 v1.99m Standard LaTeX package
Package textcomp Info: Sub-encoding information:
(textcomp)               5 = only ISO-Adobe without \textcurrency
(textcomp)               4 = 5 + \texteuro
(textcomp)               3 = 4 + \textohm
(textcomp)               2 = 3 + \textestimated + \textcurrency
(textcomp)               1 = TS1 - \textcircled - \t
(textcomp)               0 = TS1 (full)
(textcomp)             Font families with sub-encoding setting implement
(textcomp)             only a restricted character set as indicated.
(textcomp)             Family '?' is the default used for unknown fonts.
(textcomp)             See the documentation for details.
Package textcomp Info: Setting ? sub-encoding to TS1/1 on input line 79.

("C:\Program Files (x86)\MiKTeX 2.9\tex\latex\base\ts1enc.def"
File: ts1enc.def 2001/06/05 v3.0e (jk/car/fm) Standard LaTeX file
)
LaTeX Info: Redefining \oldstylenums on input line 334.
Package textcomp Info: Setting cmr sub-encoding to TS1/0 on input line 349.
Package textcomp Info: Setting cmss sub-encoding to TS1/0 on input line 350.
Package textcomp Info: Setting cmtt sub-encoding to TS1/0 on input line 351.
Package textcomp Info: Setting cmvtt sub-encoding to TS1/0 on input line 352.
Package textcomp Info: Setting cmbr sub-encoding to TS1/0 on input line 353.
Package textcomp Info: Setting cmtl sub-encoding to TS1/0 on input line 354.
Package textcomp Info: Setting ccr sub-encoding to TS1/0 on input line 355.
Package textcomp Info: Setting ptm sub-encoding to TS1/4 on input line 356.
Package textcomp Info: Setting pcr sub-encoding to TS1/4 on input line 357.
Package textcomp Info: Setting phv sub-encoding to TS1/4 on input line 358.
Package textcomp Info: Setting ppl sub-encoding to TS1/3 on input line 359.
Package textcomp Info: Setting pag sub-encoding to TS1/4 on input line 360.
Package textcomp Info: Setting pbk sub-encoding to TS1/4 on input line 361.
Package textcomp Info: Setting pnc sub-encoding to TS1/4 on input line 362.
Package textcomp Info: Setting pzc sub-encoding to TS1/4 on input line 363.
Package textcomp Info: Setting bch sub-encoding to TS1/4 on input line 364.
Package textcomp Info: Setting put sub-encoding to TS1/5 on input line 365.
Package textcomp Info: Setting uag sub-encoding to TS1/5 on input line 366.
Package textcomp Info: Setting ugq sub-encoding to TS1/5 on input line 367.
Package textcomp Info: Setting ul8 sub-encoding to TS1/4 on input line 368.
Package textcomp Info: Setting ul9 sub-encoding to TS1/4 on input line 369.
Package textcomp Info: Setting augie sub-encoding to TS1/5 on input line 370.
Package textcomp Info: Setting dayrom sub-encoding to TS1/3 on input line 371.
Package textcomp Info: Setting dayroms sub-encoding to TS1/3 on input line 372.

Package textcomp Info: Setting pxr sub-encoding to TS1/0 on input line 373.
Package textcomp Info: Setting pxss sub-encoding to TS1/0 on input line 374.
Package textcomp Info: Setting pxtt sub-encoding to TS1/0 on input line 375.
Package textcomp Info: Setting txr sub-encoding to TS1/0 on input line 376.
Package textcomp Info: Setting txss sub-encoding to TS1/0 on input line 377.
Package textcomp Info: Setting txtt sub-encoding to TS1/0 on input line 378.
Package textcomp Info: Setting lmr sub-encoding to TS1/0 on input line 379.
Package textcomp Info: Setting lmdh sub-encoding to TS1/0 on input line 380.
Package textcomp Info: Setting lmss sub-encoding to TS1/0 on input line 381.
Package textcomp Info: Setting lmssq sub-encoding to TS1/0 on input line 382.
Package textcomp Info: Setting lmvtt sub-encoding to TS1/0 on input line 383.
Package textcomp Info: Setting lmtt sub-encoding to TS1/0 on input line 384.
Package textcomp Info: Setting qhv sub-encoding to TS1/0 on input line 385.
Package textcomp Info: Setting qag sub-encoding to TS1/0 on input line 386.
Package textcomp Info: Setting qbk sub-encoding to TS1/0 on input line 387.
Package textcomp Info: Setting qcr sub-encoding to TS1/0 on input line 388.
Package textcomp Info: Setting qcs sub-encoding to TS1/0 on input line 389.
Package textcomp Info: Setting qpl sub-encoding to TS1/0 on input line 390.
Package textcomp Info: Setting qtm sub-encoding to TS1/0 on input line 391.
Package textcomp Info: Setting qzc sub-encoding to TS1/0 on input line 392.
Package textcomp Info: Setting qhvc sub-encoding to TS1/0 on input line 393.
Package textcomp Info: Setting futs sub-encoding to TS1/4 on input line 394.
Package textcomp Info: Setting futx sub-encoding to TS1/4 on input line 395.
Package textcomp Info: Setting futj sub-encoding to TS1/4 on input line 396.
Package textcomp Info: Setting hlh sub-encoding to TS1/3 on input line 397.
Package textcomp Info: Setting hls sub-encoding to TS1/3 on input line 398.
Package textcomp Info: Setting hlst sub-encoding to TS1/3 on input line 399.
Package textcomp Info: Setting hlct sub-encoding to TS1/5 on input line 400.
Package textcomp Info: Setting hlx sub-encoding to TS1/5 on input line 401.
Package textcomp Info: Setting hlce sub-encoding to TS1/5 on input line 402.
Package textcomp Info: Setting hlcn sub-encoding to TS1/5 on input line 403.
Package textcomp Info: Setting hlcw sub-encoding to TS1/5 on input line 404.
Package textcomp Info: Setting hlcf sub-encoding to TS1/5 on input line 405.
Package textcomp Info: Setting pplx sub-encoding to TS1/3 on input line 406.
Package textcomp Info: Setting pplj sub-encoding to TS1/3 on input line 407.
Package textcomp Info: Setting ptmx sub-encoding to TS1/4 on input line 408.
Package textcomp Info: Setting ptmj sub-encoding to TS1/4 on input line 409.
)
("C:\Program Files (x86)\MiKTeX 2.9\tex\latex\mweights\mweights.sty"
Package: mweights 2017/03/30 (Bob Tennent) Support package for multiple-weight 
font packages. 
LaTeX Info: Redefining \bfseries on input line 22.
LaTeX Info: Redefining \mdseries on input line 30.
LaTeX Info: Redefining \rmfamily on input line 38.
LaTeX Info: Redefining \sffamily on input line 66.
LaTeX Info: Redefining \ttfamily on input line 94.
)
("C:\Program Files (x86)\MiKTeX 2.9\tex\latex\base\fontenc.sty"
Package: fontenc 2016/06/19 v1.99m Standard LaTeX package
)
("C:\Program Files (x86)\MiKTeX 2.9\tex\latex\fontaxes\fontaxes.sty"
Package: fontaxes 2014/03/23 v1.0d Font selection axes
LaTeX Info: Redefining \upshape on input line 29.
LaTeX Info: Redefining \itshape on input line 31.
LaTeX Info: Redefining \slshape on input line 33.
LaTeX Info: Redefining \scshape on input line 37.
)
LaTeX Info: Redefining \oldstylenums on input line 481.

("C:\Program Files (x86)\MiKTeX 2.9\tex\latex\libertine\LinLibertine_I.tex"))
("C:\Program Files (x86)\MiKTeX 2.9\tex\latex\inconsolata\zi4.sty"
Package: zi4 2017/01/04 v1.112

`inconsolata-zi4' v1.112, 2017/01/04 Text macros for Inconsolata (msharpe)
\zifour@ocount=\count120
)
("C:\Program Files (x86)\MiKTeX 2.9\tex\latex\newtx\newtxmath.sty"
Package: newtxmath 2017/05/31 v1.524

`newtxmath' v1.524, 2017/05/31 Math macros based on txfonts (msharpe)
("C:\Program Files (x86)\MiKTeX 2.9\tex\generic\binhex\binhex.tex")
\tx@Isdigit=\count121
LaTeX Font Info:    Redeclaring symbol font `operators' on input line 153.
LaTeX Font Info:    Overwriting symbol font `operators' in version `normal'
(Font)                  OT1/cmr/m/n --> OT1/LinuxLibertineT-TLF/m/n on input li
ne 153.
LaTeX Font Info:    Overwriting symbol font `operators' in version `bold'
(Font)                  OT1/cmr/bx/n --> OT1/LinuxLibertineT-TLF/m/n on input l
ine 153.
LaTeX Font Info:    Overwriting symbol font `operators' in version `bold'
(Font)                  OT1/LinuxLibertineT-TLF/m/n --> OT1/LinuxLibertineT-TLF
/sb/n on input line 154.
LaTeX Font Info:    Redeclaring math alphabet \mathsf on input line 160.
LaTeX Font Info:    Overwriting math alphabet `\mathsf' in version `normal'
(Font)                  OT1/cmss/m/n --> OT1/LinuxBiolinumT-TLF/m/n on input li
ne 160.
LaTeX Font Info:    Overwriting math alphabet `\mathsf' in version `bold'
(Font)                  OT1/cmss/bx/n --> OT1/LinuxBiolinumT-TLF/m/n on input l
ine 160.
LaTeX Font Info:    Redeclaring math alphabet \mathit on input line 161.
LaTeX Font Info:    Overwriting math alphabet `\mathit' in version `normal'
(Font)                  OT1/cmr/m/it --> OT1/LinuxLibertineT-TLF/m/it on input 
line 161.
LaTeX Font Info:    Overwriting math alphabet `\mathit' in version `bold'
(Font)                  OT1/cmr/bx/it --> OT1/LinuxLibertineT-TLF/m/it on input
 line 161.
LaTeX Font Info:    Redeclaring math alphabet \mathtt on input line 162.
LaTeX Font Info:    Overwriting math alphabet `\mathtt' in version `normal'
(Font)                  OT1/cmtt/m/n --> OT1/zi4/m/n on input line 162.
LaTeX Font Info:    Overwriting math alphabet `\mathtt' in version `bold'
(Font)                  OT1/cmtt/m/n --> OT1/zi4/m/n on input line 162.
LaTeX Font Info:    Redeclaring math alphabet \mathbf on input line 164.
LaTeX Font Info:    Overwriting math alphabet `\mathbf' in version `normal'
(Font)                  OT1/cmr/bx/n --> OT1/LinuxLibertineT-TLF/sb/n on input 
line 164.
LaTeX Font Info:    Overwriting math alphabet `\mathbf' in version `bold'
(Font)                  OT1/cmr/bx/n --> OT1/LinuxLibertineT-TLF/sb/n on input 
line 164.
LaTeX Font Info:    Overwriting math alphabet `\mathit' in version `bold'
(Font)                  OT1/LinuxLibertineT-TLF/m/it --> OT1/LinuxLibertineT-TL
F/sb/it on input line 165.
LaTeX Font Info:    Overwriting math alphabet `\mathsf' in version `bold'
(Font)                  OT1/LinuxBiolinumT-TLF/m/n --> OT1/LinuxBiolinumT-TLF/b
/n on input line 166.
LaTeX Font Info:    Overwriting math alphabet `\mathtt' in version `bold'
(Font)                  OT1/zi4/m/n --> OT1/zi4/b/n on input line 167.
LaTeX Font Info:    Redeclaring symbol font `letters' on input line 179.
LaTeX Font Info:    Overwriting symbol font `letters' in version `normal'
(Font)                  OML/cmm/m/it --> OML/nxlmi/m/it on input line 179.
LaTeX Font Info:    Overwriting symbol font `letters' in version `bold'
(Font)                  OML/cmm/b/it --> OML/nxlmi/m/it on input line 179.
LaTeX Font Info:    Overwriting symbol font `letters' in version `bold'
(Font)                  OML/nxlmi/m/it --> OML/nxlmi/b/it on input line 180.
\symlettersA=\mathgroup6
LaTeX Font Info:    Overwriting symbol font `lettersA' in version `bold'
(Font)                  U/ntxmia/m/it --> U/ntxmia/b/it on input line 235.
LaTeX Font Info:    Redeclaring math alphabet \mathfrak on input line 237.
LaTeX Font Info:    Redeclaring symbol font `symbols' on input line 256.
LaTeX Font Info:    Encoding `OMS' has changed to `LMS' for symbol font
(Font)              `symbols' in the math version `normal' on input line 256.
LaTeX Font Info:    Overwriting symbol font `symbols' in version `normal'
(Font)                  OMS/cmsy/m/n --> LMS/ntxsy/m/n on input line 256.
LaTeX Font Info:    Encoding `OMS' has changed to `LMS' for symbol font
(Font)              `symbols' in the math version `bold' on input line 256.
LaTeX Font Info:    Overwriting symbol font `symbols' in version `bold'
(Font)                  OMS/cmsy/b/n --> LMS/ntxsy/m/n on input line 256.
LaTeX Font Info:    Overwriting symbol font `symbols' in version `bold'
(Font)                  LMS/ntxsy/m/n --> LMS/ntxsy/b/n on input line 257.
\symAMSm=\mathgroup7
LaTeX Font Info:    Overwriting symbol font `AMSm' in version `bold'
(Font)                  U/ntxsym/m/n --> U/ntxsym/b/n on input line 280.
\symsymbolsC=\mathgroup8
LaTeX Font Info:    Overwriting symbol font `symbolsC' in version `bold'
(Font)                  U/ntxsyc/m/n --> U/ntxsyc/b/n on input line 301.
LaTeX Font Info:    Redeclaring symbol font `largesymbols' on input line 314.
LaTeX Font Info:    Encoding `OMX' has changed to `LMX' for symbol font
(Font)              `largesymbols' in the math version `normal' on input line 3
14.
LaTeX Font Info:    Overwriting symbol font `largesymbols' in version `normal'
(Font)                  OMX/cmex/m/n --> LMX/ntxexx/m/n on input line 314.
LaTeX Font Info:    Encoding `OMX' has changed to `LMX' for symbol font
(Font)              `largesymbols' in the math version `bold' on input line 314
.
LaTeX Font Info:    Overwriting symbol font `largesymbols' in version `bold'
(Font)                  OMX/cmex/m/n --> LMX/ntxexx/m/n on input line 314.
LaTeX Font Info:    Overwriting symbol font `largesymbols' in version `bold'
(Font)                  LMX/ntxexx/m/n --> LMX/ntxexx/b/n on input line 315.
\symlargesymbolsTXA=\mathgroup9
LaTeX Font Info:    Overwriting symbol font `largesymbolsTXA' in version `bold'

(Font)                  U/ntxexa/m/n --> U/ntxexa/b/n on input line 329.
LaTeX Font Info:    Redeclaring math delimiter \lgroup on input line 500.
LaTeX Font Info:    Redeclaring math delimiter \rgroup on input line 501.
LaTeX Font Info:    Redeclaring math delimiter \lmoustache on input line 502.
LaTeX Font Info:    Redeclaring math delimiter \rmoustache on input line 503.
LaTeX Font Info:    Redeclaring math delimiter \lfloor on input line 509.
LaTeX Font Info:    Redeclaring math delimiter \rfloor on input line 510.
LaTeX Font Info:    Redeclaring math delimiter \lceil on input line 511.
LaTeX Font Info:    Redeclaring math delimiter \rceil on input line 512.
LaTeX Font Info:    Redeclaring math delimiter \lbrace on input line 513.
LaTeX Font Info:    Redeclaring math delimiter \rbrace on input line 514.
LaTeX Font Info:    Redeclaring math delimiter \langle on input line 515.
LaTeX Font Info:    Redeclaring math delimiter \rangle on input line 517.
LaTeX Font Info:    Redeclaring math symbol \mid on input line 519.
LaTeX Font Info:    Redeclaring math delimiter \arrowvert on input line 521.
LaTeX Font Info:    Redeclaring math delimiter \vert on input line 522.
LaTeX Font Info:    Redeclaring math symbol \parallel on input line 523.
LaTeX Font Info:    Redeclaring math delimiter \Arrowvert on input line 524.
LaTeX Font Info:    Redeclaring math delimiter \Vert on input line 525.
LaTeX Font Info:    Redeclaring math delimiter \updownarrow on input line 527.
LaTeX Font Info:    Redeclaring math delimiter \Updownarrow on input line 528.
LaTeX Font Info:    Redeclaring math delimiter \lvert on input line 533.
LaTeX Font Info:    Redeclaring math delimiter \rvert on input line 534.
LaTeX Font Info:    Redeclaring math delimiter \lVert on input line 535.
LaTeX Font Info:    Redeclaring math delimiter \rVert on input line 536.
LaTeX Info: Redefining \not on input line 2100.
LaTeX Info: Redefining \textsquare on input line 2121.
LaTeX Info: Redefining \openbox on input line 2123.
)
("C:\Program Files (x86)\MiKTeX 2.9\tex\latex\base\fontenc.sty"
Package: fontenc 2016/06/19 v1.99m Standard LaTeX package

("C:\Program Files (x86)\MiKTeX 2.9\tex\latex\base\t1enc.def"
File: t1enc.def 2016/06/19 v1.99m Standard LaTeX file
LaTeX Font Info:    Redeclaring font encoding T1 on input line 48.
)<<t1.cmap>>)
("C:\Program Files (x86)\MiKTeX 2.9\tex\latex\caption\caption.sty"
Package: caption 2016/02/21 v3.3-144 Customizing captions (AR)

("C:\Program Files (x86)\MiKTeX 2.9\tex\latex\caption\caption3.sty"
Package: caption3 2016/05/22 v1.7-166 caption3 kernel (AR)
Package caption3 Info: TeX engine: e-TeX on input line 67.
\captionmargin=\dimen130
\captionmargin@=\dimen131
\captionwidth=\dimen132
\caption@tempdima=\dimen133
\caption@indent=\dimen134
\caption@parindent=\dimen135
\caption@hangindent=\dimen136
)
Package caption Info: AMS or SMF document class.
\c@ContinuedFloat=\count122
Package caption Info: hyperref package is loaded.
)
("C:\Program Files (x86)\MiKTeX 2.9\tex\latex\float\float.sty"
Package: float 2001/11/08 v1.3d Float enhancements (AL)
\c@float@type=\count123
\float@exts=\toks29
\float@box=\box29
\@float@everytoks=\toks30
\@floatcapt=\box30
)
\@float@every@sidebar=\toks31
\c@sidebar=\count124
\fulltextwidth=\dimen137
\@ACM@labelwidth=\dimen138
\listisep=\skip55
\num@authorgroups=\count125
\@ACM@badge@width=\skip56
\@ACM@title@width=\skip57
\@ACM@badge@skip=\skip58
Class acmart Info: Printing CCS on input line 1207.
Class acmart Info: Printing bibformat on input line 1207.
Class acmart Info: Suppressing folios on input line 1214.
Class acmart Info: Setting authorsperrow to 0 on input line 1217.

("C:\Program Files (x86)\MiKTeX 2.9\tex\latex\comment\comment.sty"
\CommentStream=\write4

Excluding comment 'comment') Excluding comment 'CCSXML'
\mktitle@bx=\box31
\@ACM@commabox=\box32
\author@bx=\box33
\author@bx@wd=\dimen139
\author@bx@sep=\skip59

("C:\Program Files (x86)\MiKTeX 2.9\tex\latex\fancyhdr\fancyhdr.sty"
Package: fancyhdr 2017/06/30 v3.9a Extensive control of page headers and footer
s
\f@nch@headwidth=\skip60
\f@nch@O@elh=\skip61
\f@nch@O@erh=\skip62
\f@nch@O@olh=\skip63
\f@nch@O@orh=\skip64
\f@nch@O@elf=\skip65
\f@nch@O@erf=\skip66
\f@nch@O@olf=\skip67
\f@nch@O@orf=\skip68
)
\@folio@wd=\dimen140
\@folio@ht=\dimen141
\@folio@voffset=\dimen142
\c@theorem=\count126

Special comment 'acks' Excluding comment 'screenonly'
Include comment 'printonly' Include comment 'anonsuppress'
LaTeX Font Info:    Try loading font information for T1+LinuxLibertineT-TLF on 
input line 2462.

("C:\Program Files (x86)\MiKTeX 2.9\tex\latex\libertine\t1linuxlibertinet-tlf.f
d"
File: T1LinuxLibertineT-TLF.fd 2017/03/20 (autoinst) Font definitions for T1/Li
nuxLibertineT-TLF.
)
LaTeX Font Info:    Font shape `T1/LinuxLibertineT-TLF/m/n' will be
(Font)              scaled to size 9.0pt on input line 2462.
) ("C:\Program Files (x86)\MiKTeX 2.9\tex\latex\booktabs\booktabs.sty"
Package: booktabs 2005/04/14 v1.61803 publication quality tables
\heavyrulewidth=\dimen143
\lightrulewidth=\dimen144
\cmidrulewidth=\dimen145
\belowrulesep=\dimen146
\belowbottomsep=\dimen147
\aboverulesep=\dimen148
\abovetopsep=\dimen149
\cmidrulesep=\dimen150
\cmidrulekern=\dimen151
\defaultaddspace=\dimen152
\@cmidla=\count127
\@cmidlb=\count128
\@aboverulesep=\dimen153
\@belowrulesep=\dimen154
\@thisruleclass=\count129
\@lastruleclass=\count130
\@thisrulewidth=\dimen155
)
("C:\Program Files (x86)\MiKTeX 2.9\tex\latex\psnfss\courier.sty"
Package: courier 2005/04/12 PSNFSS-v9.2a (WaS) 
)
Package hyperref Info: Option `colorlinks' set `true' on input line 11.

("C:\Program Files (x86)\MiKTeX 2.9\tex\latex\listings\listings.sty"
\lst@mode=\count131
\lst@gtempboxa=\box34
\lst@token=\toks32
\lst@length=\count132
\lst@currlwidth=\dimen156
\lst@column=\count133
\lst@pos=\count134
\lst@lostspace=\dimen157
\lst@width=\dimen158
\lst@newlines=\count135
\lst@lineno=\count136
\lst@maxwidth=\dimen159

("C:\Program Files (x86)\MiKTeX 2.9\tex\latex\listings\lstmisc.sty"
File: lstmisc.sty 2015/06/04 1.6 (Carsten Heinz)
\c@lstnumber=\count137
\lst@skipnumbers=\count138
\lst@framebox=\box35
)
("C:\Program Files (x86)\MiKTeX 2.9\tex\latex\listings\listings.cfg"
File: listings.cfg 2015/06/04 1.6 listings configuration
))
Package: listings 2015/06/04 1.6 (Carsten Heinz)

(ICSE-2018.aux)
\openout1 = `ICSE-2018.aux'.

LaTeX Font Info:    Checking defaults for OML/nxlmi/m/it on input line 64.
LaTeX Font Info:    Try loading font information for OML+nxlmi on input line 64
.
 ("C:\Program Files (x86)\MiKTeX 2.9\tex\latex\newtx\omlnxlmi.fd"
File: omlnxlmi.fd 2013/11/19 Fontinst v1.933 font definitions for OML/nxlmi.
)
LaTeX Font Info:    ... okay on input line 64.
LaTeX Font Info:    Checking defaults for T1/cmr/m/n on input line 64.
LaTeX Font Info:    ... okay on input line 64.
LaTeX Font Info:    Checking defaults for OT1/cmr/m/n on input line 64.
LaTeX Font Info:    ... okay on input line 64.
LaTeX Font Info:    Checking defaults for OMS/cmsy/m/n on input line 64.
LaTeX Font Info:    ... okay on input line 64.
LaTeX Font Info:    Checking defaults for OMX/cmex/m/n on input line 64.
LaTeX Font Info:    ... okay on input line 64.
LaTeX Font Info:    Checking defaults for U/ntxexa/m/n on input line 64.
LaTeX Font Info:    Try loading font information for U+ntxexa on input line 64.

 ("C:\Program Files (x86)\MiKTeX 2.9\tex\latex\newtx\untxexa.fd"
File: untxexa.fd 2012/04/16 Fontinst v1.933 font definitions for U/ntxexa.
)
LaTeX Font Info:    ... okay on input line 64.
LaTeX Font Info:    Checking defaults for PD1/pdf/m/n on input line 64.
LaTeX Font Info:    ... okay on input line 64.
LaTeX Font Info:    Checking defaults for PU/pdf/m/n on input line 64.
LaTeX Font Info:    ... okay on input line 64.
LaTeX Font Info:    Checking defaults for TS1/cmr/m/n on input line 64.
LaTeX Font Info:    Try loading font information for TS1+cmr on input line 64.

("C:\Program Files (x86)\MiKTeX 2.9\tex\latex\base\ts1cmr.fd"
File: ts1cmr.fd 2014/09/29 v2.5h Standard LaTeX font definitions
)
LaTeX Font Info:    ... okay on input line 64.
LaTeX Font Info:    Checking defaults for LMS/ntxsy/m/n on input line 64.
LaTeX Font Info:    Try loading font information for LMS+ntxsy on input line 64
.

("C:\Program Files (x86)\MiKTeX 2.9\tex\latex\newtx\lmsntxsy.fd"
File: lmsntxsy.fd 2016/07/02 Fontinst v1.933 font definitions for LMS/ntxsy.
)
LaTeX Font Info:    ... okay on input line 64.
LaTeX Font Info:    Checking defaults for LMX/ntxexx/m/n on input line 64.
LaTeX Font Info:    Try loading font information for LMX+ntxexx on input line 6
4.

("C:\Program Files (x86)\MiKTeX 2.9\tex\latex\newtx\lmxntxexx.fd"
File: lmxntxexx.fd 2016/07/03 Fontinst v1.933 font definitions for LMX/ntxexx.
)
LaTeX Font Info:    ... okay on input line 64.
LaTeX Font Info:    Font shape `T1/LinuxLibertineT-TLF/m/n' will be
(Font)              scaled to size 7.0pt on input line 64.
LaTeX Font Info:    Try loading font information for OT1+LinuxLibertineT-TLF on
 input line 64.

("C:\Program Files (x86)\MiKTeX 2.9\tex\latex\libertine\ot1linuxlibertinet-tlf.
fd"
File: OT1LinuxLibertineT-TLF.fd 2017/03/20 (autoinst) Font definitions for OT1/
LinuxLibertineT-TLF.
)
LaTeX Font Info:    Font shape `OT1/LinuxLibertineT-TLF/m/n' will be
(Font)              scaled to size 7.3pt on input line 64.
<<ot1.cmap>>
LaTeX Font Info:    Font shape `OT1/LinuxLibertineT-TLF/m/n' will be
(Font)              scaled to size 5.5pt on input line 64.
<<oml.cmap>>
LaTeX Font Info:    Try loading font information for U+msa on input line 64.

("C:\Program Files (x86)\MiKTeX 2.9\tex\latex\amsfonts\umsa.fd"
File: umsa.fd 2013/01/14 v3.01 AMS symbols A
)
LaTeX Font Info:    Try loading font information for U+msb on input line 64.

("C:\Program Files (x86)\MiKTeX 2.9\tex\latex\amsfonts\umsb.fd"
File: umsb.fd 2013/01/14 v3.01 AMS symbols B
)
LaTeX Font Info:    Try loading font information for U+ntxmia on input line 64.


("C:\Program Files (x86)\MiKTeX 2.9\tex\latex\newtx\untxmia.fd"
File: untxmia.fd 2016/01/31 Fontinst v1.933 font definitions for U/ntxmia.
)
LaTeX Font Info:    Try loading font information for U+ntxsym on input line 64.


("C:\Program Files (x86)\MiKTeX 2.9\tex\latex\newtx\untxsym.fd"
File: untxsym.fd 2015/03/20 Fontinst v1.933 font definitions for U/ntxsym.
)
LaTeX Font Info:    Try loading font information for U+ntxsyc on input line 64.


("C:\Program Files (x86)\MiKTeX 2.9\tex\latex\newtx\untxsyc.fd"
File: untxsyc.fd 2012/04/12 Fontinst v1.933 font definitions for U/ntxsyc.
)
LaTeX Info: Redefining \microtypecontext on input line 64.
Package microtype Info: Generating PDF output.
Package microtype Info: Character protrusion enabled (level 2).
Package microtype Info: Using default protrusion set `alltext'.
Package microtype Info: Automatic font expansion enabled (level 2),
(microtype)             stretch: 20, shrink: 20, step: 1, non-selected.
Package microtype Info: Using default expansion set `basictext'.
Package microtype Info: No adjustment of tracking.
Package microtype Info: No adjustment of interword spacing.
Package microtype Info: No adjustment of character kerning.
Package microtype Info: Loading generic protrusion settings for font family
(microtype)             `LinuxLibertineT-TLF' (encoding: T1).
(microtype)             For optimal results, create family-specific settings.
(microtype)             See the microtype manual for details.

ABD: EveryShipout initializing macros
\AtBeginShipoutBox=\box36
Package hyperref Info: Link coloring ON on input line 64.

("C:\Program Files (x86)\MiKTeX 2.9\tex\latex\hyperref\nameref.sty"
Package: nameref 2016/05/21 v2.44 Cross-referencing by name of section

("C:\Program Files (x86)\MiKTeX 2.9\tex\generic\oberdiek\gettitlestring.sty"
Package: gettitlestring 2016/05/16 v1.5 Cleanup title references (HO)
)
\c@section@level=\count139
)
LaTeX Info: Redefining \ref on input line 64.
LaTeX Info: Redefining \pageref on input line 64.
LaTeX Info: Redefining \nameref on input line 64.

(ICSE-2018.out) (ICSE-2018.out)
\@outlinefile=\write5
\openout5 = `ICSE-2018.out'.


("C:\Program Files (x86)\MiKTeX 2.9\tex\context\base\supp-pdf.mkii"
[Loading MPS to PDF converter (version 2006.09.02).]
\scratchcounter=\count140
\scratchdimen=\dimen160
\scratchbox=\box37
\nofMPsegments=\count141
\nofMParguments=\count142
\everyMPshowfont=\toks33
\MPscratchCnt=\count143
\MPscratchDim=\dimen161
\MPnumerator=\count144
\makeMPintoPDFobject=\count145
\everyMPtoPDFconversion=\toks34
) ("C:\Program Files (x86)\MiKTeX 2.9\tex\latex\oberdiek\epstopdf-base.sty"
Package: epstopdf-base 2016/05/15 v2.6 Base part for package epstopdf

("C:\Program Files (x86)\MiKTeX 2.9\tex\latex\oberdiek\grfext.sty"
Package: grfext 2016/05/16 v1.2 Manage graphics extensions (HO)
)
Package epstopdf-base Info: Redefining graphics rule for `.eps' on input line 4
38.
Package grfext Info: Graphics extension search list:
(grfext)             [.png,.pdf,.jpg,.mps,.jpeg,.jbig2,.jb2,.PNG,.PDF,.JPG,.JPE
G,.JBIG2,.JB2,.eps]
(grfext)             \AppendGraphicsExtensions on input line 456.
)
*geometry* driver: auto-detecting
*geometry* detected driver: pdftex
*geometry* verbose mode - [ preamble ] result:
* driver: pdftex
* paper: custom
* layout: <same size as paper>
* layoutoffset:(h,v)=(0.0pt,0.0pt)
* modes: includehead includefoot twoside heightrounded 
* h-part:(L,W,R)=(54.0pt, 506.295pt, 54.0pt)
* v-part:(T,H,B)=(57.0pt, 664.96999pt, 73.0pt)
* \paperwidth=614.295pt
* \paperheight=794.96999pt
* \textwidth=506.295pt
* \textheight=626.0pt
* \oddsidemargin=-18.26999pt
* \evensidemargin=-18.26999pt
* \topmargin=-15.26999pt
* \headheight=13.0pt
* \headsep=14.0pt
* \topskip=10.0pt
* \footskip=12.0pt
* \marginparwidth=24.0pt
* \marginparsep=11.0pt
* \columnsep=24.0pt
* \skip\footins=7.0pt plus 11.0pt
* \hoffset=0.0pt
* \voffset=0.0pt
* \mag=1000
* \@twocolumnfalse
* \@twosidetrue
* \@mparswitchtrue
* \@reversemarginfalse
* (1in=72.27pt=25.4mm, 1cm=28.453pt)

\c@mv@tabular=\count146
\c@mv@boldtabular=\count147
("C:\Program Files (x86)\MiKTeX 2.9\tex\latex\upquote\upquote.sty"
Package: upquote 2012/04/19 v1.3 upright-quote and grave-accent glyphs in verba
tim
)
Package caption Info: Begin \AtBeginDocument code.
Package caption Info: float package is loaded.
Package caption Info: listings package is loaded.
Package caption Info: End \AtBeginDocument code.
\c@lstlisting=\count148

Excluding 'CCSXML' comment.
LaTeX Font Info:    Font shape `T1/LinuxLibertineT-TLF/m/n' will be
(Font)              scaled to size 17.28pt on input line 156.
LaTeX Font Info:    Try loading font information for T1+LinuxBiolinumT-TLF on i
nput line 156.

("C:\Program Files (x86)\MiKTeX 2.9\tex\latex\libertine\t1linuxbiolinumt-tlf.fd
"
File: T1LinuxBiolinumT-TLF.fd 2017/03/20 (autoinst) Font definitions for T1/Lin
uxBiolinumT-TLF.
)
LaTeX Font Info:    Font shape `T1/LinuxBiolinumT-TLF/m/n' will be
(Font)              scaled to size 17.28pt on input line 156.
Package microtype Info: Loading generic protrusion settings for font family
(microtype)             `LinuxBiolinumT-TLF' (encoding: T1).
(microtype)             For optimal results, create family-specific settings.
(microtype)             See the microtype manual for details.
LaTeX Font Info:    Font shape `T1/LinuxBiolinumT-TLF/b/n' will be
(Font)              scaled to size 17.28pt on input line 156.
LaTeX Font Info:    Font shape `T1/LinuxLibertineT-TLF/m/n' will be
(Font)              scaled to size 12.0pt on input line 156.
LaTeX Font Info:    Font shape `T1/LinuxLibertineT-TLF/m/n' will be
(Font)              scaled to size 10.0pt on input line 156.
LaTeX Font Info:    Font shape `OT1/LinuxLibertineT-TLF/m/n' will be
(Font)              scaled to size 10.0pt on input line 156.
Package microtype Info: Loading generic protrusion settings for font family
(microtype)             `LinuxLibertineT-TLF' (encoding: OT1).
(microtype)             For optimal results, create family-specific settings.
(microtype)             See the microtype manual for details.
 ("C:\Program Files (x86)\MiKTeX 2.9\tex\latex\microtype\mt-msa.cfg"
File: mt-msa.cfg 2006/02/04 v1.1 microtype config. file: AMS symbols (a) (RS)
)
("C:\Program Files (x86)\MiKTeX 2.9\tex\latex\microtype\mt-msb.cfg"
File: mt-msb.cfg 2005/06/01 v1.0 microtype config. file: AMS symbols (b) (RS)
)
LaTeX Font Info:    Font shape `T1/LinuxLibertineT-TLF/m/it' will be
(Font)              scaled to size 7.0pt on input line 156.
LaTeX Font Info:    Try loading font information for TS1+LinuxLibertineT-TLF on
 input line 156.

("C:\Program Files (x86)\MiKTeX 2.9\tex\latex\libertine\ts1linuxlibertinet-tlf.
fd"
File: TS1LinuxLibertineT-TLF.fd 2017/03/20 (autoinst) Font definitions for TS1/
LinuxLibertineT-TLF.
)
LaTeX Font Info:    Font shape `TS1/LinuxLibertineT-TLF/m/n' will be
(Font)              scaled to size 7.0pt on input line 156.
Package microtype Info: Loading generic protrusion settings for font family
(microtype)             `LinuxLibertineT-TLF' (encoding: TS1).
(microtype)             For optimal results, create family-specific settings.
(microtype)             See the microtype manual for details.
LaTeX Font Info:    Font shape `T1/LinuxLibertineT-TLF/b/n' will be
(Font)              scaled to size 9.0pt on input line 156.
LaTeX Font Info:    Font shape `T1/LinuxLibertineT-TLF/b/n' will be
(Font)              scaled to size 10.95pt on input line 156.
LaTeX Font Info:    Font shape `OT1/LinuxLibertineT-TLF/m/n' will be
(Font)              scaled to size 9.0pt on input line 156.
LaTeX Font Info:    Font shape `T1/LinuxLibertineT-TLF/m/n' will be
(Font)              scaled to size 7.3pt on input line 156.
LaTeX Font Info:    Font shape `T1/LinuxLibertineT-TLF/m/n' will be
(Font)              scaled to size 5.5pt on input line 156.
LaTeX Font Info:    Font shape `TS1/LinuxLibertineT-TLF/m/n' will be
(Font)              scaled to size 9.0pt on input line 156.
LaTeX Font Info:    Font shape `T1/LinuxLibertineT-TLF/m/it' will be
(Font)              scaled to size 9.0pt on input line 156.
LaTeX Font Info:    Font shape `T1/LinuxLibertineT-TLF/m/n' will be
(Font)              scaled to size 8.0pt on input line 156.
LaTeX Font Info:    Font shape `T1/LinuxLibertineT-TLF/b/n' will be
(Font)              scaled to size 8.0pt on input line 156.
LaTeX Font Info:    Font shape `T1/LinuxLibertineT-TLF/m/it' will be
(Font)              scaled to size 8.0pt on input line 156.
LaTeX Font Info:    Font shape `OT1/LinuxLibertineT-TLF/m/n' will be
(Font)              scaled to size 8.0pt on input line 156.
LaTeX Font Info:    Font shape `OT1/LinuxLibertineT-TLF/m/n' will be
(Font)              scaled to size 6.2pt on input line 156.
LaTeX Font Info:    Try loading font information for T1+pcr on input line 170.
 ("C:\Program Files (x86)\MiKTeX 2.9\tex\latex\psnfss\t1pcr.fd"
File: t1pcr.fd 2001/06/04 font definitions for T1/pcr.
)
Package microtype Info: Loading generic protrusion settings for font family
(microtype)             `pcr' (encoding: T1).
(microtype)             For optimal results, create family-specific settings.
(microtype)             See the microtype manual for details.
Package hyperref Info: bookmark level for unknown lstlisting defaults to 0 on i
nput line 172.
LaTeX Font Info:    Font shape `T1/LinuxLibertineT-TLF/m/n' will be
(Font)              scaled to size 6.0pt on input line 173.
LaTeX Font Info:    Font shape `T1/pcr/bx/n' in size <6> not available
(Font)              Font shape `T1/pcr/b/n' tried instead on input line 173.
 [1.1{C:/ProgramData/MiKTeX/2.9/pdftex/config/pdftex.map}

]
<images/deep_tree.pdf, id=125, 472.76625pt x 319.1925pt>
File: images/deep_tree.pdf Graphic file (type pdf)

<use images/deep_tree.pdf>
Package pdftex.def Info: images/deep_tree.pdf used on input line 261.
(pdftex.def)             Requested size: 241.14749pt x 162.81523pt.
 Processing 'acks' comment.
\openout4 = `comment.cut'.


Comment 'acks' writing to comment.cut. Straight input of comment.cut.
(comment.cut) (ICSE-2018.bbl
LaTeX Font Info:    Font shape `T1/LinuxLibertineT-TLF/m/it' will be
(Font)              scaled to size 5.5pt on input line 45.
)
LaTeX Font Info:    Font shape `T1/LinuxBiolinumT-TLF/m/n' will be
(Font)              scaled to size 9.0pt on input line 282.
 [2.2 <./images/deep_tree.pdf>]
Package atveryend Info: Empty hook `BeforeClearDocument' on input line 282.
Package atveryend Info: Empty hook `AfterLastShipout' on input line 282.
 (ICSE-2018.aux)
Package atveryend Info: Executing hook `AtVeryEndDocument' on input line 282.
Package atveryend Info: Executing hook `AtEndAfterFileList' on input line 282.
Package rerunfilecheck Info: File `ICSE-2018.out' has not changed.
(rerunfilecheck)             Checksum: D174D2A17AB12D315094EF071533B3A3;2119.
Package atveryend Info: Empty hook `AtVeryVeryEnd' on input line 282.
 ) 
Here is how much of TeX's memory you used:
 20278 strings out of 493334
 316602 string characters out of 3136675
 590863 words of memory out of 3000000
 23103 multiletter control sequences out of 15000+200000
 144247 words of font info for 184 fonts, out of 3000000 for 9000
 1302 hyphenation exceptions out of 8191
 60i,12n,94p,1092b,1850s stack positions out of 5000i,500n,10000p,200000b,50000s
{C:/Program Files (x86)/MiKTeX 2.9/fonts/enc/dvips/libertine/lbtn_25tcsq.enc}
{C:/Program Files (x86)/MiKTeX 2.9/fonts/enc/dvips/fontname/8r.enc}{C:/Program 
Files (x86)/MiKTeX 2.9/fonts/enc/dvips/libertine/lbtn_7grukw.enc}{C:/Program Fi
les (x86)/MiKTeX 2.9/fonts/enc/dvips/libertine/lbtn_naooyc.enc}{C:/Program File
s (x86)/MiKTeX 2.9/fonts/enc/dvips/libertine/lbtn_nh77jq.enc}{C:/Program Files 
(x86)/MiKTeX 2.9/fonts/enc/dvips/libertine/lbtn_76gpa5.enc}<C:/Program Files (x
86)/MiKTeX 2.9/fonts/type1/public/libertine/LinBiolinumT.pfb><C:/Program Files 
(x86)/MiKTeX 2.9/fonts/type1/public/libertine/LinBiolinumTB.pfb><C:/Program Fil
es (x86)/MiKTeX 2.9/fonts/type1/public/libertine/LinLibertineT.pfb><C:/Program 
Files (x86)/MiKTeX 2.9/fonts/type1/public/libertine/LinLibertineTB.pfb><C:/Prog
ram Files (x86)/MiKTeX 2.9/fonts/type1/public/libertine/LinLibertineTI.pfb><C:/
Program Files (x86)/MiKTeX 2.9/fonts/type1/urw/courier/ucrb8a.pfb><C:/Program F
iles (x86)/MiKTeX 2.9/fonts/type1/urw/courier/ucrr8a.pfb>
Output written on ICSE-2018.pdf (2 pages, 394440 bytes).
PDF statistics:
 229 PDF objects out of 1000 (max. 8388607)
 80 named destinations out of 1000 (max. 500000)
 48770 words of extra memory for PDF output out of 51595 (max. 10000000)

